  Building Custom Rule C:/Users/Roxane/Documents/COMP371_all/ProjectRepo/COMP371_Project/code/CMakeLists.txt
cl : command line warning D9002: ignoring unknown option '-std=c++20'
  drawFunctions.cpp
C:\Users\Roxane\Documents\COMP371_all\ProjectRepo\COMP371_Project\code\src\drawFunctions.cpp(14,23): warning C4018: '<': signed/unsigned mismatch
C:\Users\Roxane\Documents\COMP371_all\ProjectRepo\COMP371_Project\code\src\drawFunctions.cpp(16,27): warning C4018: '<': signed/unsigned mismatch
  geometricFunctions.cpp
C:\Users\Roxane\Documents\COMP371_all\ProjectRepo\COMP371_Project\code\src\geometricFunctions.cpp(274,26): warning C4244: 'initializing': conversion from 'double' to 'float', possible loss of data
C:\Users\Roxane\Documents\COMP371_all\ProjectRepo\COMP371_Project\code\src\geometricFunctions.cpp(274,20): warning C4244: 'initializing': conversion from 'double' to 'const float', possible loss of data
C:\Users\Roxane\Documents\COMP371_all\ProjectRepo\COMP371_Project\code\src\geometricFunctions.cpp(607,23): warning C4018: '<=': signed/unsigned mismatch
C:\Users\Roxane\Documents\COMP371_all\ProjectRepo\COMP371_Project\code\src\geometricFunctions.cpp(609,27): warning C4018: '<=': signed/unsigned mismatch
C:\Users\Roxane\Documents\COMP371_all\ProjectRepo\COMP371_Project\code\src\geometricFunctions.cpp(634,50): warning C4244: 'initializing': conversion from 'double' to 'float', possible loss of data
C:\Users\Roxane\Documents\COMP371_all\ProjectRepo\COMP371_Project\code\src\geometricFunctions.cpp(634,23): warning C4244: 'initializing': conversion from 'double' to 'const float', possible loss of data
C:\Users\Roxane\Documents\COMP371_all\ProjectRepo\COMP371_Project\code\src\geometricFunctions.cpp(651,23): warning C4018: '<': signed/unsigned mismatch
C:\Users\Roxane\Documents\COMP371_all\ProjectRepo\COMP371_Project\code\src\geometricFunctions.cpp(653,27): warning C4018: '<': signed/unsigned mismatch
  project.cpp
C:\Users\Roxane\Documents\COMP371_all\ProjectRepo\COMP371_Project\code\include\shaderloader.h(29,10): warning C4477: 'printf' : format string '%s' requires an argument of type 'char *', but variadic argument 1 has type 'std::string'
C:\Users\Roxane\Documents\COMP371_all\ProjectRepo\COMP371_Project\code\src\project.cpp(289,25): warning C4244: 'initializing': conversion from 'double' to 'float', possible loss of data
C:\Users\Roxane\Documents\COMP371_all\ProjectRepo\COMP371_Project\code\src\project.cpp(310,28): warning C4244: '=': conversion from 'double' to 'float', possible loss of data
C:\Users\Roxane\Documents\COMP371_all\ProjectRepo\COMP371_Project\code\src\project.cpp(661,32): warning C4244: '+=': conversion from 'double' to 'float', possible loss of data
C:\Users\Roxane\Documents\COMP371_all\ProjectRepo\COMP371_Project\code\src\project.cpp(676,21): warning C4244: 'initializing': conversion from 'double' to 'float', possible loss of data
C:\Users\Roxane\Documents\COMP371_all\ProjectRepo\COMP371_Project\code\src\project.cpp(688,38): warning C4244: '+=': conversion from 'double' to 'T', possible loss of data
          with
          [
              T=float
          ]
  Generating Code...
  project.vcxproj -> C:\Users\Roxane\Documents\COMP371_all\ProjectRepo\COMP371_Project\visual studio\Debug\project.exe
